<?xml version="1.0" encoding="UTF-8"?>
<!-- Generated by org.testng.reporters.JUnitReportReporter -->
<testsuite hostname="DESKTOP-5Q39FUQ" name="tests.FlowMapper" tests="2" failures="0" timestamp="8 Jul 2019 20:06:36 GMT" time="33.021" errors="0">
  <testcase name="flowMapperTest" time="1.940" classname="tests.FlowMapper"/>
  <testcase name="flowMapperTest" time="31.081" classname="tests.FlowMapper"/>
</testsuite> <!-- tests.FlowMapper -->
