<?xml version="1.0" encoding="UTF-8"?>
<!-- Generated by org.testng.reporters.JUnitReportReporter -->
<testsuite hostname="DESKTOP-5Q39FUQ" name="tests.FlowMapper" tests="3" failures="0" timestamp="5 Oct 2019 18:21:10 GMT" time="220.366" errors="0">
  <testcase name="flowMapperTest" time="102.873" classname="tests.FlowMapper"/>
  <testcase name="flowMapperTest" time="3.131" classname="tests.FlowMapper"/>
  <testcase name="flowMapperTest" time="114.362" classname="tests.FlowMapper"/>
</testsuite> <!-- tests.FlowMapper -->
