<?xml version="1.0" encoding="UTF-8"?>
<!-- Generated by org.testng.reporters.JUnitReportReporter -->
<testsuite hostname="DESKTOP-5Q39FUQ" name="tests.FlowMapper" tests="2" failures="0" timestamp="13 Jul 2019 20:58:12 GMT" time="43.735" errors="0">
  <testcase name="flowMapperTest" time="41.725" classname="tests.FlowMapper"/>
  <testcase name="flowMapperTest" time="2.010" classname="tests.FlowMapper"/>
</testsuite> <!-- tests.FlowMapper -->
