<?xml version="1.0" encoding="UTF-8"?>
<!-- Generated by org.testng.reporters.JUnitReportReporter -->
<testsuite hostname="DESKTOP-5Q39FUQ" name="tests.FlowMapper" tests="2" failures="0" timestamp="18 May 2019 09:40:39 GMT" time="33.701" errors="0">
  <testcase name="flowMapperTest" time="1.961" classname="tests.FlowMapper"/>
  <testcase name="flowMapperTest" time="31.740" classname="tests.FlowMapper"/>
</testsuite> <!-- tests.FlowMapper -->
