<?xml version="1.0" encoding="UTF-8"?>
<!-- Generated by org.testng.reporters.JUnitReportReporter -->
<testsuite hostname="DESKTOP-5Q39FUQ" name="tests.FlowMapper" tests="2" failures="0" timestamp="12 Oct 2019 11:49:12 GMT" time="53.442" errors="0">
  <testcase name="flowMapperTest" time="2.149" classname="tests.FlowMapper"/>
  <testcase name="flowMapperTest" time="51.293" classname="tests.FlowMapper"/>
</testsuite> <!-- tests.FlowMapper -->
