<?xml version="1.0" encoding="UTF-8"?>
<!-- Generated by org.testng.reporters.JUnitReportReporter -->
<testsuite hostname="Ankush-PC" name="tests.FlowMapper" tests="2" failures="0" timestamp="11 Oct 2020 10:07:40 GMT" time="42.500" errors="0">
  <testcase name="flowMapperTest" time="40.769" classname="tests.FlowMapper"/>
  <testcase name="flowMapperTest" time="1.731" classname="tests.FlowMapper"/>
</testsuite> <!-- tests.FlowMapper -->
