<?xml version="1.0" encoding="UTF-8"?>
<!-- Generated by org.testng.reporters.JUnitReportReporter -->
<testsuite hostname="DESKTOP-5Q39FUQ" name="tests.FlowMapper" tests="4" failures="0" timestamp="30 Sep 2019 22:22:20 GMT" time="190.808" errors="0">
  <testcase name="flowMapperTest" time="47.502" classname="tests.FlowMapper"/>
  <testcase name="flowMapperTest" time="2.953" classname="tests.FlowMapper"/>
  <testcase name="flowMapperTest" time="92.190" classname="tests.FlowMapper"/>
  <testcase name="flowMapperTest" time="48.163" classname="tests.FlowMapper"/>
</testsuite> <!-- tests.FlowMapper -->
