<?xml version="1.0" encoding="UTF-8"?>
<!-- Generated by org.testng.reporters.JUnitReportReporter -->
<testsuite hostname="DESKTOP-R3VJL89" failures="0" tests="2" name="tests.FlowMapper" time="126.445" errors="0" timestamp="2020-12-27T14:03:01 IST" skipped="0">
  <testcase classname="tests.FlowMapper" name="flowMapperTest" time="3.171"/>
  <system-out/>
  <testcase classname="tests.FlowMapper" name="flowMapperTest" time="123.274"/>
  <system-out>
Connecting server... Connection established...  </system-out>
</testsuite> <!-- tests.FlowMapper -->
