<?xml version="1.0" encoding="UTF-8"?>
<!-- Generated by org.testng.reporters.JUnitReportReporter -->
<testsuite hostname="DESKTOP-R3VJL89" failures="0" tests="8" name="tests.FlowMapper" time="101.284" errors="0" timestamp="2021-01-03T00:46:06 IST" skipped="0">
  <testcase classname="tests.FlowMapper" name="flowMapperTest" time="21.134"/>
  <system-out/>
  <testcase classname="tests.FlowMapper" name="flowMapperTest" time="11.557"/>
  <system-out/>
  <testcase classname="tests.FlowMapper" name="flowMapperTest" time="11.510"/>
  <system-out/>
  <testcase classname="tests.FlowMapper" name="flowMapperTest" time="10.698"/>
  <system-out/>
  <testcase classname="tests.FlowMapper" name="flowMapperTest" time="11.285"/>
  <system-out/>
  <testcase classname="tests.FlowMapper" name="flowMapperTest" time="2.798"/>
  <system-out/>
  <testcase classname="tests.FlowMapper" name="flowMapperTest" time="20.264"/>
  <system-out/>
  <testcase classname="tests.FlowMapper" name="flowMapperTest" time="12.038"/>
  <system-out/>
</testsuite> <!-- tests.FlowMapper -->
