<?xml version="1.0" encoding="UTF-8"?>
<!-- Generated by org.testng.reporters.JUnitReportReporter -->
<testsuite hostname="Ankush-PC" name="tests.FlowMapper" tests="2" failures="0" timestamp="22 Nov 2020 13:58:02 GMT" time="141.776" errors="0">
  <testcase name="flowMapperTest" time="2.888" classname="tests.FlowMapper"/>
  <testcase name="flowMapperTest" time="138.888" classname="tests.FlowMapper"/>
</testsuite> <!-- tests.FlowMapper -->
