<?xml version="1.0" encoding="UTF-8"?>
<!-- Generated by org.testng.reporters.JUnitReportReporter -->
<testsuite hostname="DESKTOP-5Q39FUQ" name="tests.FlowMapper" tests="2" failures="0" timestamp="5 Oct 2019 20:19:29 GMT" time="50.841" errors="0">
  <testcase name="flowMapperTest" time="47.627" classname="tests.FlowMapper"/>
  <testcase name="flowMapperTest" time="3.214" classname="tests.FlowMapper"/>
</testsuite> <!-- tests.FlowMapper -->
