<?xml version="1.0" encoding="UTF-8"?>
<!-- Generated by org.testng.reporters.JUnitReportReporter -->
<testsuite hostname="Ankush-PC" name="tests.FlowMapper" tests="2" failures="0" timestamp="3 Dec 2020 11:41:36 GMT" time="75.723" errors="0">
  <testcase name="flowMapperTest" time="72.734" classname="tests.FlowMapper"/>
  <testcase name="flowMapperTest" time="2.989" classname="tests.FlowMapper"/>
</testsuite> <!-- tests.FlowMapper -->
