<?xml version="1.0" encoding="UTF-8"?>
<!-- Generated by org.testng.reporters.JUnitReportReporter -->
<testsuite hostname="DESKTOP-R3VJL89" failures="0" tests="1" name="tests.FlowMapper" time="51.020" errors="0" timestamp="2021-02-21T10:31:33 IST" skipped="0">
  <testcase classname="tests.FlowMapper" name="flowMapperTest" time="51.020"/>
  <system-out/>
</testsuite> <!-- tests.FlowMapper -->
