<?xml version="1.0" encoding="UTF-8"?>
<!-- Generated by org.testng.reporters.JUnitReportReporter -->
<testsuite hostname="DESKTOP-R3VJL89" failures="0" tests="2" name="tests.FlowMapper" time="82.904" errors="0" timestamp="2020-12-27T00:56:14 IST" skipped="0">
  <testcase classname="tests.FlowMapper" name="flowMapperTest" time="3.671"/>
  <system-out/>
  <testcase classname="tests.FlowMapper" name="flowMapperTest" time="79.233"/>
  <system-out/>
</testsuite> <!-- tests.FlowMapper -->
