<?xml version="1.0" encoding="UTF-8"?>
<!-- Generated by org.testng.reporters.JUnitReportReporter -->
<testsuite hostname="DESKTOP-R3VJL89" failures="0" tests="2" name="tests.FlowMapper" time="94.161" errors="0" timestamp="2020-12-26T15:26:06 IST" skipped="0">
  <testcase classname="tests.FlowMapper" name="flowMapperTest" time="91.983"/>
  <system-out/>
  <testcase classname="tests.FlowMapper" name="flowMapperTest" time="2.178"/>
  <system-out/>
</testsuite> <!-- tests.FlowMapper -->
