<?xml version="1.0" encoding="UTF-8"?>
<!-- Generated by org.testng.reporters.JUnitReportReporter -->
<testsuite hostname="DESKTOP-5Q39FUQ" name="tests.FlowMapper" tests="2" failures="0" timestamp="16 Jan 2020 09:43:35 GMT" time="51.248" errors="0">
  <testcase name="flowMapperTest" time="2.026" classname="tests.FlowMapper"/>
  <testcase name="flowMapperTest" time="49.222" classname="tests.FlowMapper"/>
</testsuite> <!-- tests.FlowMapper -->
