<?xml version="1.0" encoding="UTF-8"?>
<!-- Generated by org.testng.reporters.JUnitReportReporter -->
<testsuite hostname="DESKTOP-5Q39FUQ" name="tests.FlowMapper" tests="2" failures="0" timestamp="29 Sep 2019 13:07:43 GMT" time="126.390" errors="0">
  <testcase name="flowMapperTest" time="123.401" classname="tests.FlowMapper"/>
  <testcase name="flowMapperTest" time="2.989" classname="tests.FlowMapper"/>
</testsuite> <!-- tests.FlowMapper -->
