<?xml version="1.0" encoding="UTF-8"?>
<!-- Generated by org.testng.reporters.JUnitReportReporter -->
<testsuite hostname="DESKTOP-5Q39FUQ" name="tests.FlowMapper" tests="11" failures="0" timestamp="6 Oct 2019 20:18:14 GMT" time="207.998" errors="0">
  <testcase name="flowMapperTest" time="12.322" classname="tests.FlowMapper"/>
  <testcase name="flowMapperTest" time="32.967" classname="tests.FlowMapper"/>
  <testcase name="flowMapperTest" time="16.014" classname="tests.FlowMapper"/>
  <testcase name="flowMapperTest" time="19.832" classname="tests.FlowMapper"/>
  <testcase name="flowMapperTest" time="12.700" classname="tests.FlowMapper"/>
  <testcase name="flowMapperTest" time="5.841" classname="tests.FlowMapper"/>
  <testcase name="flowMapperTest" time="26.059" classname="tests.FlowMapper"/>
  <testcase name="flowMapperTest" time="12.203" classname="tests.FlowMapper"/>
  <testcase name="flowMapperTest" time="19.091" classname="tests.FlowMapper"/>
  <testcase name="flowMapperTest" time="24.650" classname="tests.FlowMapper"/>
  <testcase name="flowMapperTest" time="26.319" classname="tests.FlowMapper"/>
</testsuite> <!-- tests.FlowMapper -->
