<?xml version="1.0" encoding="UTF-8"?>
<!-- Generated by org.testng.reporters.JUnitReportReporter -->
<testsuite hostname="DESKTOP-R3VJL89" failures="0" tests="9" name="tests.FlowMapper" time="448.530" errors="0" timestamp="2020-12-25T11:46:24 IST" skipped="0">
  <testcase classname="tests.FlowMapper" name="flowMapperTest" time="45.939"/>
  <system-out/>
  <testcase classname="tests.FlowMapper" name="flowMapperTest" time="47.269"/>
  <system-out/>
  <testcase classname="tests.FlowMapper" name="flowMapperTest" time="72.112"/>
  <system-out/>
  <testcase classname="tests.FlowMapper" name="flowMapperTest" time="69.570"/>
  <system-out/>
  <testcase classname="tests.FlowMapper" name="flowMapperTest" time="3.461"/>
  <system-out/>
  <testcase classname="tests.FlowMapper" name="flowMapperTest" time="46.917"/>
  <system-out/>
  <testcase classname="tests.FlowMapper" name="flowMapperTest" time="53.275"/>
  <system-out/>
  <testcase classname="tests.FlowMapper" name="flowMapperTest" time="60.849"/>
  <system-out/>
  <testcase classname="tests.FlowMapper" name="flowMapperTest" time="49.138"/>
  <system-out/>
</testsuite> <!-- tests.FlowMapper -->
