<?xml version="1.0" encoding="UTF-8"?>
<!-- Generated by org.testng.reporters.JUnitReportReporter -->
<testsuite hostname="DESKTOP-R3VJL89" failures="0" tests="1" name="tests.ui.AutomationTest" time="0.000" errors="0" timestamp="2021-02-20T19:33:57 IST" skipped="1">
  <testcase classname="tests.ui.AutomationTest" name="automationTest" time="0.000">
    <skipped/>
  </testcase> <!-- automationTest -->
  <system-out/>
</testsuite> <!-- tests.ui.AutomationTest -->
