<?xml version="1.0" encoding="UTF-8"?>
<!-- Generated by org.testng.reporters.JUnitReportReporter -->
<testsuite hostname="DESKTOP-R3VJL89" failures="0" tests="2" name="tests.FlowMapper" time="66.499" errors="0" timestamp="2021-04-29T05:12:28 IST" skipped="0">
  <testcase classname="tests.FlowMapper" name="flowMapperTest" time="41.117"/>
  <system-out/>
  <testcase classname="tests.FlowMapper" name="flowMapperTest" time="25.382"/>
  <system-out/>
</testsuite> <!-- tests.FlowMapper -->
