<?xml version="1.0" encoding="UTF-8"?>
<!-- Generated by org.testng.reporters.JUnitReportReporter -->
<testsuite hostname="DESKTOP-5Q39FUQ" name="tests.FlowMapper" tests="3" failures="0" timestamp="2 Oct 2019 12:21:57 GMT" time="95.374" errors="0">
  <testcase name="flowMapperTest" time="48.290" classname="tests.FlowMapper"/>
  <testcase name="flowMapperTest" time="44.300" classname="tests.FlowMapper"/>
  <testcase name="flowMapperTest" time="2.784" classname="tests.FlowMapper"/>
</testsuite> <!-- tests.FlowMapper -->
