<?xml version="1.0" encoding="UTF-8"?>
<!-- Generated by org.testng.reporters.JUnitReportReporter -->
<testsuite hostname="DESKTOP-5Q39FUQ" name="tests.FlowMapper" tests="2" failures="0" timestamp="18 May 2019 13:49:58 GMT" time="103.725" errors="0">
  <testcase name="flowMapperTest" time="101.385" classname="tests.FlowMapper"/>
  <testcase name="flowMapperTest" time="2.340" classname="tests.FlowMapper"/>
</testsuite> <!-- tests.FlowMapper -->
