<?xml version="1.0" encoding="UTF-8"?>
<!-- Generated by org.testng.reporters.JUnitReportReporter -->
<testsuite hostname="Ankush-PC" name="tests.FlowMapper" tests="2" failures="0" timestamp="19 Nov 2020 18:22:05 GMT" time="64.159" errors="0">
  <testcase name="flowMapperTest" time="62.292" classname="tests.FlowMapper"/>
  <testcase name="flowMapperTest" time="1.867" classname="tests.FlowMapper"/>
</testsuite> <!-- tests.FlowMapper -->
