<?xml version="1.0" encoding="UTF-8"?>
<!-- Generated by org.testng.reporters.JUnitReportReporter -->
<testsuite hostname="DESKTOP-5Q39FUQ" name="tests.FlowMapper" tests="2" failures="0" timestamp="13 Oct 2019 08:10:37 GMT" time="45.015" errors="0">
  <testcase name="flowMapperTest" time="2.974" classname="tests.FlowMapper"/>
  <testcase name="flowMapperTest" time="42.041" classname="tests.FlowMapper"/>
</testsuite> <!-- tests.FlowMapper -->
