<?xml version="1.0" encoding="UTF-8"?>
<!-- Generated by org.testng.reporters.JUnitReportReporter -->
<testsuite hostname="DESKTOP-R3VJL89" failures="0" tests="6" name="tests.FlowMapper" time="161.494" errors="0" timestamp="2021-01-23T22:00:40 IST" skipped="0">
  <testcase classname="tests.FlowMapper" name="flowMapperTest" time="4.303"/>
  <system-out/>
  <testcase classname="tests.FlowMapper" name="flowMapperTest" time="25.496"/>
  <system-out/>
  <testcase classname="tests.FlowMapper" name="flowMapperTest" time="47.987"/>
  <system-out/>
  <testcase classname="tests.FlowMapper" name="flowMapperTest" time="24.164"/>
  <system-out/>
  <testcase classname="tests.FlowMapper" name="flowMapperTest" time="24.507"/>
  <system-out/>
  <testcase classname="tests.FlowMapper" name="flowMapperTest" time="35.037"/>
  <system-out/>
</testsuite> <!-- tests.FlowMapper -->
