<?xml version="1.0" encoding="UTF-8"?>
<!-- Generated by org.testng.reporters.JUnitReportReporter -->
<testsuite hostname="DESKTOP-R3VJL89" failures="0" tests="1" name="tests.FlowMapper" time="64.967" errors="0" timestamp="2021-02-27T17:39:21 IST" skipped="0">
  <testcase classname="tests.FlowMapper" name="flowMapperTest" time="64.967"/>
  <system-out/>
</testsuite> <!-- tests.FlowMapper -->
