<?xml version="1.0" encoding="UTF-8"?>
<!-- Generated by org.testng.reporters.JUnitReportReporter -->
<testsuite hostname="DESKTOP-R3VJL89" failures="0" tests="2" name="tests.FlowMapper" time="53.021" errors="0" timestamp="2021-01-24T17:41:36 IST" skipped="0">
  <testcase classname="tests.FlowMapper" name="flowMapperTest" time="50.746"/>
  <system-out/>
  <testcase classname="tests.FlowMapper" name="flowMapperTest" time="2.275"/>
  <system-out/>
</testsuite> <!-- tests.FlowMapper -->
