<?xml version="1.0" encoding="UTF-8"?>
<!-- Generated by org.testng.reporters.JUnitReportReporter -->
<testsuite hostname="DESKTOP-5Q39FUQ" name="tests.FlowMapper" tests="61" failures="0" timestamp="16 Oct 2019 13:30:36 GMT" time="1702.339" errors="0">
  <testcase name="flowMapperTest" time="48.347" classname="tests.FlowMapper"/>
  <testcase name="flowMapperTest" time="27.569" classname="tests.FlowMapper"/>
  <testcase name="flowMapperTest" time="38.509" classname="tests.FlowMapper"/>
  <testcase name="flowMapperTest" time="20.428" classname="tests.FlowMapper"/>
  <testcase name="flowMapperTest" time="18.374" classname="tests.FlowMapper"/>
  <testcase name="flowMapperTest" time="21.101" classname="tests.FlowMapper"/>
  <testcase name="flowMapperTest" time="17.840" classname="tests.FlowMapper"/>
  <testcase name="flowMapperTest" time="37.883" classname="tests.FlowMapper"/>
  <testcase name="flowMapperTest" time="32.544" classname="tests.FlowMapper"/>
  <testcase name="flowMapperTest" time="22.549" classname="tests.FlowMapper"/>
  <testcase name="flowMapperTest" time="26.949" classname="tests.FlowMapper"/>
  <testcase name="flowMapperTest" time="15.577" classname="tests.FlowMapper"/>
  <testcase name="flowMapperTest" time="18.670" classname="tests.FlowMapper"/>
  <testcase name="flowMapperTest" time="25.833" classname="tests.FlowMapper"/>
  <testcase name="flowMapperTest" time="28.002" classname="tests.FlowMapper"/>
  <testcase name="flowMapperTest" time="13.977" classname="tests.FlowMapper"/>
  <testcase name="flowMapperTest" time="16.455" classname="tests.FlowMapper"/>
  <testcase name="flowMapperTest" time="68.734" classname="tests.FlowMapper"/>
  <testcase name="flowMapperTest" time="26.578" classname="tests.FlowMapper"/>
  <testcase name="flowMapperTest" time="26.286" classname="tests.FlowMapper"/>
  <testcase name="flowMapperTest" time="31.893" classname="tests.FlowMapper"/>
  <testcase name="flowMapperTest" time="25.557" classname="tests.FlowMapper"/>
  <testcase name="flowMapperTest" time="35.546" classname="tests.FlowMapper"/>
  <testcase name="flowMapperTest" time="25.925" classname="tests.FlowMapper"/>
  <testcase name="flowMapperTest" time="41.527" classname="tests.FlowMapper"/>
  <testcase name="flowMapperTest" time="38.461" classname="tests.FlowMapper"/>
  <testcase name="flowMapperTest" time="25.538" classname="tests.FlowMapper"/>
  <testcase name="flowMapperTest" time="2.768" classname="tests.FlowMapper"/>
  <testcase name="flowMapperTest" time="24.840" classname="tests.FlowMapper"/>
  <testcase name="flowMapperTest" time="34.905" classname="tests.FlowMapper"/>
  <testcase name="flowMapperTest" time="28.102" classname="tests.FlowMapper"/>
  <testcase name="flowMapperTest" time="38.766" classname="tests.FlowMapper"/>
  <testcase name="flowMapperTest" time="16.490" classname="tests.FlowMapper"/>
  <testcase name="flowMapperTest" time="18.747" classname="tests.FlowMapper"/>
  <testcase name="flowMapperTest" time="37.916" classname="tests.FlowMapper"/>
  <testcase name="flowMapperTest" time="32.698" classname="tests.FlowMapper"/>
  <testcase name="flowMapperTest" time="27.990" classname="tests.FlowMapper"/>
  <testcase name="flowMapperTest" time="11.847" classname="tests.FlowMapper"/>
  <testcase name="flowMapperTest" time="43.957" classname="tests.FlowMapper"/>
  <testcase name="flowMapperTest" time="44.183" classname="tests.FlowMapper"/>
  <testcase name="flowMapperTest" time="31.833" classname="tests.FlowMapper"/>
  <testcase name="flowMapperTest" time="26.973" classname="tests.FlowMapper"/>
  <testcase name="flowMapperTest" time="33.623" classname="tests.FlowMapper"/>
  <testcase name="flowMapperTest" time="24.434" classname="tests.FlowMapper"/>
  <testcase name="flowMapperTest" time="30.754" classname="tests.FlowMapper"/>
  <testcase name="flowMapperTest" time="47.083" classname="tests.FlowMapper"/>
  <testcase name="flowMapperTest" time="33.557" classname="tests.FlowMapper"/>
  <testcase name="flowMapperTest" time="14.990" classname="tests.FlowMapper"/>
  <testcase name="flowMapperTest" time="32.274" classname="tests.FlowMapper"/>
  <testcase name="flowMapperTest" time="26.935" classname="tests.FlowMapper"/>
  <testcase name="flowMapperTest" time="18.890" classname="tests.FlowMapper"/>
  <testcase name="flowMapperTest" time="18.373" classname="tests.FlowMapper"/>
  <testcase name="flowMapperTest" time="15.795" classname="tests.FlowMapper"/>
  <testcase name="flowMapperTest" time="34.437" classname="tests.FlowMapper"/>
  <testcase name="flowMapperTest" time="26.391" classname="tests.FlowMapper"/>
  <testcase name="flowMapperTest" time="28.174" classname="tests.FlowMapper"/>
  <testcase name="flowMapperTest" time="19.328" classname="tests.FlowMapper"/>
  <testcase name="flowMapperTest" time="26.586" classname="tests.FlowMapper"/>
  <testcase name="flowMapperTest" time="26.536" classname="tests.FlowMapper"/>
  <testcase name="flowMapperTest" time="20.146" classname="tests.FlowMapper"/>
  <testcase name="flowMapperTest" time="25.366" classname="tests.FlowMapper"/>
</testsuite> <!-- tests.FlowMapper -->
