<?xml version="1.0" encoding="UTF-8"?>
<!-- Generated by org.testng.reporters.JUnitReportReporter -->
<testsuite hostname="DESKTOP-R3VJL89" failures="0" tests="2" name="tests.FlowMapper" time="50.546" errors="0" timestamp="2020-12-26T16:51:47 IST" skipped="0">
  <testcase classname="tests.FlowMapper" name="flowMapperTest" time="48.466"/>
  <system-out/>
  <testcase classname="tests.FlowMapper" name="flowMapperTest" time="2.080"/>
  <system-out/>
</testsuite> <!-- tests.FlowMapper -->
