<?xml version="1.0" encoding="UTF-8"?>
<!-- Generated by org.testng.reporters.JUnitReportReporter -->
<testsuite hostname="DESKTOP-5Q39FUQ" name="tests.FlowMapper" tests="3" failures="0" timestamp="17 Aug 2019 20:32:01 GMT" time="126.724" errors="0">
  <testcase name="flowMapperTest" time="56.471" classname="tests.FlowMapper"/>
  <testcase name="flowMapperTest" time="2.778" classname="tests.FlowMapper"/>
  <testcase name="flowMapperTest" time="67.475" classname="tests.FlowMapper"/>
</testsuite> <!-- tests.FlowMapper -->
