<?xml version="1.0" encoding="UTF-8"?>
<!-- Generated by org.testng.reporters.JUnitReportReporter -->
<testsuite hostname="DESKTOP-5Q39FUQ" name="tests.FlowMapper" tests="2" failures="0" timestamp="7 Nov 2019 13:33:01 GMT" time="54.217" errors="0">
  <testcase name="flowMapperTest" time="2.133" classname="tests.FlowMapper"/>
  <testcase name="flowMapperTest" time="52.084" classname="tests.FlowMapper"/>
</testsuite> <!-- tests.FlowMapper -->
