<?xml version="1.0" encoding="UTF-8"?>
<!-- Generated by org.testng.reporters.JUnitReportReporter -->
<testsuite hostname="DESKTOP-5Q39FUQ" name="tests.FlowMapper" tests="2" failures="0" timestamp="5 Oct 2019 09:09:29 GMT" time="73.856" errors="0">
  <testcase name="flowMapperTest" time="70.072" classname="tests.FlowMapper"/>
  <testcase name="flowMapperTest" time="3.784" classname="tests.FlowMapper"/>
</testsuite> <!-- tests.FlowMapper -->
